0 info it worked if it ends with ok
1 verbose cli [ 'node', '/usr/local/bin/npm', 'install', '-g', 'protractor' ]
2 info using npm@2.7.5
3 info using node@v0.12.2
4 verbose node symlink /usr/local/bin/node
5 silly cache add args [ 'protractor', null ]
6 verbose cache add spec protractor
7 silly cache add parsed spec { raw: 'protractor',
7 silly cache add   scope: null,
7 silly cache add   name: 'protractor',
7 silly cache add   rawSpec: '',
7 silly cache add   spec: '*',
7 silly cache add   type: 'range' }
8 verbose addNamed protractor@*
9 silly addNamed semver.valid null
10 silly addNamed semver.validRange *
11 silly addNameRange { name: 'protractor', range: '*', hasData: false }
12 silly mapToRegistry name protractor
13 silly mapToRegistry using default registry
14 silly mapToRegistry registry https://registry.npmjs.org/
15 silly mapToRegistry uri https://registry.npmjs.org/protractor
16 verbose addNameRange registry:https://registry.npmjs.org/protractor not in flight; fetching
17 verbose request uri https://registry.npmjs.org/protractor
18 verbose request no auth needed
19 info attempt registry request try #1 at 12:56:19
20 verbose request id 40525f65bf7a79e0
21 verbose etag "B5G5BERVU2YPZK15043X017JA"
22 http request GET https://registry.npmjs.org/protractor
23 http 304 https://registry.npmjs.org/protractor
24 silly get cb [ 304,
24 silly get   { date: 'Fri, 24 Jul 2015 11:56:19 GMT',
24 silly get     via: '1.1 varnish',
24 silly get     'cache-control': 'max-age=60',
24 silly get     etag: '"B5G5BERVU2YPZK15043X017JA"',
24 silly get     age: '21',
24 silly get     connection: 'keep-alive',
24 silly get     'x-served-by': 'cache-fra1227-FRA',
24 silly get     'x-cache': 'HIT',
24 silly get     'x-cache-hits': '1',
24 silly get     'x-timer': 'S1437738979.711800,VS0,VE0',
24 silly get     vary: 'Accept' } ]
25 verbose etag https://registry.npmjs.org/protractor from cache
26 verbose get saving protractor to /Users/kakuffo/.npm/registry.npmjs.org/protractor/.cache.json
27 silly addNameRange number 2 { name: 'protractor', range: '*', hasData: true }
28 silly addNameRange versions [ 'protractor',
28 silly addNameRange   [ '0.1.0',
28 silly addNameRange     '0.1.1',
28 silly addNameRange     '0.1.2',
28 silly addNameRange     '0.1.3',
28 silly addNameRange     '0.2.0',
28 silly addNameRange     '0.2.1',
28 silly addNameRange     '0.3.0',
28 silly addNameRange     '0.4.0',
28 silly addNameRange     '0.4.1',
28 silly addNameRange     '0.5.0',
28 silly addNameRange     '0.6.1',
28 silly addNameRange     '0.7.0',
28 silly addNameRange     '0.8.0',
28 silly addNameRange     '0.9.0',
28 silly addNameRange     '0.10.0',
28 silly addNameRange     '0.11.0',
28 silly addNameRange     '0.12.0',
28 silly addNameRange     '0.12.1',
28 silly addNameRange     '0.13.0',
28 silly addNameRange     '0.14.0',
28 silly addNameRange     '0.15.0',
28 silly addNameRange     '0.16.0',
28 silly addNameRange     '0.16.1',
28 silly addNameRange     '0.17.0',
28 silly addNameRange     '0.18.0',
28 silly addNameRange     '0.18.1',
28 silly addNameRange     '0.19.0',
28 silly addNameRange     '0.20.0',
28 silly addNameRange     '0.20.1',
28 silly addNameRange     '0.21.0',
28 silly addNameRange     '0.22.0',
28 silly addNameRange     '0.23.0',
28 silly addNameRange     '0.23.1',
28 silly addNameRange     '0.24.0',
28 silly addNameRange     '0.24.1',
28 silly addNameRange     '0.24.2',
28 silly addNameRange     '1.0.0-rc1',
28 silly addNameRange     '1.0.0-rc2',
28 silly addNameRange     '1.0.0-rc3',
28 silly addNameRange     '1.0.0-rc4',
28 silly addNameRange     '1.0.0-rc5',
28 silly addNameRange     '1.0.0-rc6',
28 silly addNameRange     '1.0.0',
28 silly addNameRange     '1.1.0',
28 silly addNameRange     '1.1.1',
28 silly addNameRange     '1.2.0-beta1',
28 silly addNameRange     '1.2.0',
28 silly addNameRange     '1.3.0',
28 silly addNameRange     '1.3.1',
28 silly addNameRange     '1.4.0',
28 silly addNameRange     '1.5.0',
28 silly addNameRange     '1.6.0',
28 silly addNameRange     '1.6.1',
28 silly addNameRange     '1.7.0',
28 silly addNameRange     '1.8.0',
28 silly addNameRange     '2.0.0',
28 silly addNameRange     '2.1.0' ] ]
29 verbose addNamed protractor@2.1.0
30 silly addNamed semver.valid 2.1.0
31 silly addNamed semver.validRange 2.1.0
32 silly cache afterAdd protractor@2.1.0
33 verbose afterAdd /Users/kakuffo/.npm/protractor/2.1.0/package/package.json not in flight; writing
34 verbose afterAdd /Users/kakuffo/.npm/protractor/2.1.0/package/package.json written
35 silly install resolved [ { name: 'protractor',
35 silly install resolved     description: 'Webdriver E2E test wrapper for Angular.',
35 silly install resolved     homepage: 'https://github.com/angular/protractor',
35 silly install resolved     keywords:
35 silly install resolved      [ 'angular',
35 silly install resolved        'test',
35 silly install resolved        'testing',
35 silly install resolved        'webdriver',
35 silly install resolved        'webdriverjs',
35 silly install resolved        'selenium' ],
35 silly install resolved     author: { name: 'Julie Ralph', email: 'ju.ralph@gmail.com' },
35 silly install resolved     dependencies:
35 silly install resolved      { request: '~2.36.0',
35 silly install resolved        'selenium-webdriver': '2.45.1',
35 silly install resolved        minijasminenode: '1.1.1',
35 silly install resolved        jasminewd: '1.1.0',
35 silly install resolved        jasminewd2: '0.0.5',
35 silly install resolved        jasmine: '2.3.1',
35 silly install resolved        saucelabs: '~0.1.0',
35 silly install resolved        glob: '~3.2',
35 silly install resolved        'adm-zip': '0.4.4',
35 silly install resolved        optimist: '~0.6.0',
35 silly install resolved        q: '1.0.0',
35 silly install resolved        lodash: '~2.4.1',
35 silly install resolved        'source-map-support': '~0.2.6',
35 silly install resolved        'html-entities': '~1.1.1',
35 silly install resolved        'accessibility-developer-tools': '~2.6.0' },
35 silly install resolved     devDependencies:
35 silly install resolved      { 'expect.js': '~0.2.0',
35 silly install resolved        chai: '~1.8.1',
35 silly install resolved        'chai-as-promised': '~4.1.0',
35 silly install resolved        jshint: '2.5.0',
35 silly install resolved        mocha: '1.21.4',
35 silly install resolved        cucumber: '~0.4.9',
35 silly install resolved        express: '~3.3.4',
35 silly install resolved        lodash: '~2.4.1',
35 silly install resolved        rimraf: '~2.2.6' },
35 silly install resolved     repository: { type: 'git', url: 'git://github.com/angular/protractor.git' },
35 silly install resolved     bin:
35 silly install resolved      { protractor: 'bin/protractor',
35 silly install resolved        'webdriver-manager': 'bin/webdriver-manager' },
35 silly install resolved     main: 'lib/protractor.js',
35 silly install resolved     scripts:
35 silly install resolved      { pretest: 'jshint lib spec scripts',
35 silly install resolved        test: 'node scripts/test.js',
35 silly install resolved        start: 'node testapp/scripts/web-server.js' },
35 silly install resolved     license: 'MIT',
35 silly install resolved     version: '2.1.0',
35 silly install resolved     gitHead: '8743d5cdf4c6b1337f5a4bd376336911cf62b856',
35 silly install resolved     bugs: { url: 'https://github.com/angular/protractor/issues' },
35 silly install resolved     _id: 'protractor@2.1.0',
35 silly install resolved     _shasum: 'f876ac7604826eaeda39b5e49b5fb7f487067c3f',
35 silly install resolved     _from: 'protractor@*',
35 silly install resolved     _npmVersion: '1.4.28',
35 silly install resolved     _npmUser: { name: 'angularcore', email: 'angular-core+npm@google.com' },
35 silly install resolved     maintainers: [ [Object], [Object] ],
35 silly install resolved     dist:
35 silly install resolved      { shasum: 'f876ac7604826eaeda39b5e49b5fb7f487067c3f',
35 silly install resolved        tarball: 'http://registry.npmjs.org/protractor/-/protractor-2.1.0.tgz' },
35 silly install resolved     directories: {},
35 silly install resolved     _resolved: 'https://registry.npmjs.org/protractor/-/protractor-2.1.0.tgz',
35 silly install resolved     readme: 'ERROR: No README data found!' } ]
36 info install protractor@2.1.0 into /usr/local/lib
37 info installOne protractor@2.1.0
38 verbose installOne of protractor to /usr/local/lib not in flight; installing
39 warn locking Error: EACCES, open '/Users/kakuffo/.npm/_locks/protractor-edd41eb41b480e40.lock'
39 warn locking     at Error (native)
39 warn locking  /Users/kakuffo/.npm/_locks/protractor-edd41eb41b480e40.lock failed { [Error: EACCES, open '/Users/kakuffo/.npm/_locks/protractor-edd41eb41b480e40.lock']
39 warn locking   errno: -13,
39 warn locking   code: 'EACCES',
39 warn locking   path: '/Users/kakuffo/.npm/_locks/protractor-edd41eb41b480e40.lock' }
40 verbose stack Error: Attempt to unlock /usr/local/lib/node_modules/protractor, which hasn't been locked
40 verbose stack     at unlock (/usr/local/lib/node_modules/npm/lib/utils/locker.js:66:11)
40 verbose stack     at cb (/usr/local/lib/node_modules/npm/lib/install.js:1004:5)
40 verbose stack     at /usr/local/lib/node_modules/npm/lib/install.js:1008:20
40 verbose stack     at /usr/local/lib/node_modules/npm/lib/utils/locker.js:40:9
40 verbose stack     at cb (/usr/local/lib/node_modules/npm/node_modules/lockfile/lockfile.js:149:38)
40 verbose stack     at /usr/local/lib/node_modules/npm/node_modules/lockfile/lockfile.js:177:38
40 verbose stack     at FSReqWrap.oncomplete (fs.js:95:15)
41 verbose cwd /Users/kakuffo/Documents/REN/ethnography
42 error Darwin 14.4.0
43 error argv "node" "/usr/local/bin/npm" "install" "-g" "protractor"
44 error node v0.12.2
45 error npm  v2.7.5
46 error Attempt to unlock /usr/local/lib/node_modules/protractor, which hasn't been locked
47 error If you need help, you may report this error at:
47 error     <https://github.com/npm/npm/issues>
48 verbose exit [ 1, true ]
